<?xml version="1.0" encoding="UTF-8"?>
<!-- Generated by org.testng.reporters.JUnitReportReporter -->
<testsuite skipped="0" hostname="Dell" name="crossBrowserDemo.VerifyTitle" tests="3" failures="0" timestamp="15 Jun 2018 08:04:07 GMT" time="113.053" errors="0">
  <testcase name="checkTitle" time="15.471" classname="crossBrowserDemo.VerifyTitle"/>
  <testcase name="checkTitle" time="73.568" classname="crossBrowserDemo.VerifyTitle"/>
  <testcase name="checkTitle" time="24.014" classname="crossBrowserDemo.VerifyTitle"/>
</testsuite> <!-- crossBrowserDemo.VerifyTitle -->
