<?xml version="1.0" encoding="UTF-8"?>
<!-- Generated by org.testng.reporters.JUnitReportReporter -->
<testsuite skipped="2" hostname="Dell" name="Enable_disable_demo" tests="4" failures="0" timestamp="16 Jun 2018 01:29:40 GMT" time="0.024" errors="0">
  <testcase name="tesstcase001" time="0.022" classname="Enable_disable_demo"/>
  <testcase name="tesstcase003" time="0.002" classname="Enable_disable_demo"/>
  <testcase name="tesstcase002" classname="Enable_disable_demo">
    <skipped/>
  </testcase> <!-- tesstcase002 -->
  <testcase name="tesstcase004" classname="Enable_disable_demo">
    <skipped/>
  </testcase> <!-- tesstcase004 -->
</testsuite> <!-- Enable_disable_demo -->
