<?xml version="1.0" encoding="UTF-8"?>
<!-- Generated by org.testng.reporters.JUnitReportReporter -->
<testsuite skipped="0" hostname="Dell" name="listenersdemoproject.Test1" tests="4" failures="0" timestamp="16 Jun 2018 02:20:06 GMT" time="0.025" errors="0">
  <testcase name="tesstcase001" time="0.017" classname="listenersdemoproject.Test1"/>
  <testcase name="tesstcase004" time="0.002" classname="listenersdemoproject.Test1"/>
  <testcase name="tesstcase002" time="0.003" classname="listenersdemoproject.Test1"/>
  <testcase name="tesstcase003" time="0.003" classname="listenersdemoproject.Test1"/>
</testsuite> <!-- listenersdemoproject.Test1 -->
