<?xml version="1.0" encoding="UTF-8"?>
<!-- Generated by org.testng.reporters.JUnitReportReporter -->
<testsuite skipped="0" hostname="Dell" name="listenersdemoproject.Test2" tests="4" failures="0" timestamp="16 Jun 2018 02:20:06 GMT" time="0.023" errors="0">
  <testcase name="tesstcase005" time="0.017" classname="listenersdemoproject.Test2"/>
  <testcase name="tesstcase007" time="0.003" classname="listenersdemoproject.Test2"/>
  <testcase name="tesstcase006" time="0.001" classname="listenersdemoproject.Test2"/>
  <testcase name="tesstcase008" time="0.002" classname="listenersdemoproject.Test2"/>
</testsuite> <!-- listenersdemoproject.Test2 -->
