<?xml version="1.0" encoding="UTF-8"?>
<!-- Generated by org.testng.reporters.JUnitReportReporter -->
<testsuite skipped="0" hostname="Dell" name="captureScreeUtility.UtilityScreenShot" tests="1" failures="0" timestamp="13 Jun 2018 12:00:56 GMT" time="7.182" errors="0">
  <testcase name="captureScreenShot" time="7.182" classname="captureScreeUtility.UtilityScreenShot"/>
</testsuite> <!-- captureScreeUtility.UtilityScreenShot -->
