<?xml version="1.0" encoding="UTF-8"?>
<!-- Generated by org.testng.reporters.JUnitReportReporter -->
<testsuite skipped="0" hostname="Dell" name="advanceReporting_version2.AdvanceVersion3" tests="1" failures="0" timestamp="13 Jun 2018 14:24:36 GMT" time="0.637" errors="0">
  <testcase name="generateReport" time="0.637" classname="advanceReporting_version2.AdvanceVersion3"/>
</testsuite> <!-- advanceReporting_version2.AdvanceVersion3 -->
