<?xml version="1.0" encoding="UTF-8"?>
<!-- Generated by org.testng.reporters.JUnitReportReporter -->
<testsuite skipped="0" hostname="Dell" name="listenersdemo.TestDemo" tests="1" failures="0" timestamp="15 Jun 2018 10:41:43 GMT" time="14.601" errors="0">
  <testcase name="checkTitle" time="14.601" classname="listenersdemo.TestDemo"/>
</testsuite> <!-- listenersdemo.TestDemo -->
