<?xml version="1.0" encoding="UTF-8"?>
<!-- Generated by org.testng.reporters.JUnitReportReporter -->
<testsuite skipped="0" hostname="Dell" name="unTrustedCert.TestDemo" tests="1" failures="0" timestamp="21 Jun 2018 05:21:35 GMT" time="32.130" errors="0">
  <testcase name="handleCertiicate" time="32.130" classname="unTrustedCert.TestDemo"/>
</testsuite> <!-- unTrustedCert.TestDemo -->
