<?xml version="1.0" encoding="UTF-8"?>
<!-- Generated by org.testng.reporters.JUnitReportReporter -->
<testsuite skipped="0" hostname="Dell" name="listenersdemoproject.TestDemo1" tests="1" failures="0" timestamp="16 Jun 2018 01:17:07 GMT" time="19.119" errors="0">
  <testcase name="checkTitle" time="19.119" classname="listenersdemoproject.TestDemo1"/>
</testsuite> <!-- listenersdemoproject.TestDemo1 -->
