<?xml version="1.0" encoding="UTF-8"?>
<!-- Generated by org.testng.reporters.JUnitReportReporter -->
<testsuite skipped="0" hostname="Dell" name="advance_Selenium_Reporting.AdvanceSeleniumReporting" tests="1" failures="0" timestamp="13 Jun 2018 10:52:17 GMT" time="14.521" errors="0">
  <testcase name="verifyTitle" time="14.521" classname="advance_Selenium_Reporting.AdvanceSeleniumReporting"/>
</testsuite> <!-- advance_Selenium_Reporting.AdvanceSeleniumReporting -->
