<?xml version="1.0" encoding="UTF-8"?>
<!-- Generated by org.testng.reporters.JUnitReportReporter -->
<testsuite skipped="0" hostname="Dell" name="listenersdemo.TestDemo2" tests="1" failures="0" timestamp="15 Jun 2018 10:49:25 GMT" time="15.467" errors="0">
  <testcase name="checkTitle" time="15.467" classname="listenersdemo.TestDemo2"/>
</testsuite> <!-- listenersdemo.TestDemo2 -->
