<?xml version="1.0" encoding="UTF-8"?>
<!-- Generated by org.testng.reporters.JUnitReportReporter -->
<testsuite skipped="0" hostname="Dell" name="Test1" tests="1" failures="0" timestamp="14 Jun 2018 06:37:54 GMT" time="14.662" errors="0">
  <testcase name="loginDemo" time="14.662" classname="Test1"/>
</testsuite> <!-- Test1 -->
