<?xml version="1.0" encoding="UTF-8"?>
<!-- Generated by org.testng.reporters.JUnitReportReporter -->
<testsuite skipped="0" hostname="Dell" name="listenersdemoproject.Enable_disable_demo" tests="3" failures="0" timestamp="16 Jun 2018 01:49:05 GMT" time="0.021" errors="0">
  <testcase name="tesstcase004" time="0.004" classname="listenersdemoproject.Enable_disable_demo"/>
  <testcase name="tesstcase002" time="0.015" classname="listenersdemoproject.Enable_disable_demo"/>
  <testcase name="tesstcase006" time="0.002" classname="listenersdemoproject.Enable_disable_demo"/>
</testsuite> <!-- listenersdemoproject.Enable_disable_demo -->
